c:\users\dhara\onedrive\desktop\seneca\sem2\oop\fp\debug\vc142.pdb
c:\users\dhara\onedrive\desktop\seneca\sem2\oop\fp\debug\vc142.idb
c:\users\dhara\onedrive\desktop\seneca\sem2\oop\fp\debug\utils.obj
c:\users\dhara\onedrive\desktop\seneca\sem2\oop\fp\debug\triagepatient.obj
c:\users\dhara\onedrive\desktop\seneca\sem2\oop\fp\debug\time.obj
c:\users\dhara\onedrive\desktop\seneca\sem2\oop\fp\debug\ticket.obj
c:\users\dhara\onedrive\desktop\seneca\sem2\oop\fp\debug\pretriage.obj
c:\users\dhara\onedrive\desktop\seneca\sem2\oop\fp\debug\patient.obj
c:\users\dhara\onedrive\desktop\seneca\sem2\oop\fp\debug\menu.obj
c:\users\dhara\onedrive\desktop\seneca\sem2\oop\fp\debug\ioable.obj
c:\users\dhara\onedrive\desktop\seneca\sem2\oop\fp\debug\fp1tester.obj
c:\users\dhara\onedrive\desktop\seneca\sem2\oop\fp\debug\covidpatient.obj
c:\users\dhara\onedrive\desktop\seneca\sem2\oop\fp\debug\fp.ilk
c:\users\dhara\onedrive\desktop\seneca\sem2\oop\fp\debug\fp.exe
c:\users\dhara\onedrive\desktop\seneca\sem2\oop\fp\debug\fp.pdb
c:\users\dhara\onedrive\desktop\seneca\sem2\oop\fp\debug\fp.tlog\cl.command.1.tlog
c:\users\dhara\onedrive\desktop\seneca\sem2\oop\fp\debug\fp.tlog\cl.read.1.tlog
c:\users\dhara\onedrive\desktop\seneca\sem2\oop\fp\debug\fp.tlog\cl.write.1.tlog
c:\users\dhara\onedrive\desktop\seneca\sem2\oop\fp\debug\fp.tlog\link.command.1.tlog
c:\users\dhara\onedrive\desktop\seneca\sem2\oop\fp\debug\fp.tlog\link.read.1.tlog
c:\users\dhara\onedrive\desktop\seneca\sem2\oop\fp\debug\fp.tlog\link.write.1.tlog
